<?xml version="1.0" encoding="UTF-8" ?>
<testsuite failures="0" time="4.528" errors="0" skipped="0" tests="9" name="TestSuite">
  <properties>
[...]
</properties>
  <testcase time="0.484" classname="com.indhio.testng.test.PerfilTest" name="insert"/>
  <testcase time="0.009" classname="com.indhio.testng.test.PerfilTest" name="update"/>
  <testcase time="0.013" classname="com.indhio.testng.test.PerfilTest" name="delete"/>
  <testcase time="0.007" classname="com.indhio.testng.test.GrupoTest" name="insert"/>
  <testcase time="0.003" classname="com.indhio.testng.test.GrupoTest" name="update"/>
  <testcase time="0.081" classname="com.indhio.testng.test.GrupoTest" name="delete"/>
  <testcase time="0.039" classname="com.indhio.testng.test.UsuarioTest" name="insert"/>
  <testcase time="0.021" classname="com.indhio.testng.test.UsuarioTest" name="update"/>
  <testcase time="0.052" classname="com.indhio.testng.test.UsuarioTest" name="delete"/>
</testsuite>