<?xml version="1.0" encoding="UTF-8"?>
<testng-results skipped="0" failed="0" total="9" passed="9">
  <reporter-output>
  </reporter-output>
  <suite name="Default suite" duration-ms="575" started-at="2012-07-13T21:29:45Z" finished-at="2012-07-13T21:29:46Z">
    <groups>
    </groups>
    <test name="Default test" duration-ms="575" started-at="2012-07-13T21:29:45Z" finished-at="2012-07-13T21:29:46Z">
      <class name="com.indhio.testng.test.PerfilTest">
        <test-method status="PASS" signature="initDatabase()[pri:0, instance:com.indhio.testng.test.PerfilTest@355ccfb1]" name="initDatabase" is-config="true" duration-ms="24" started-at="2012-07-13T21:29:46Z" finished-at="2012-07-13T21:29:46Z">
        </test-method> <!-- initDatabase -->
        <test-method status="PASS" signature="insert()[pri:0, instance:com.indhio.testng.test.PerfilTest@355ccfb1]" name="insert" duration-ms="9" started-at="2012-07-13T21:29:46Z" finished-at="2012-07-13T21:29:46Z">
        </test-method> <!-- insert -->
        <test-method status="PASS" signature="update()[pri:0, instance:com.indhio.testng.test.PerfilTest@355ccfb1]" name="update" duration-ms="10" started-at="2012-07-13T21:29:46Z" depends-on-methods="com.indhio.testng.test.PerfilTest.insert" finished-at="2012-07-13T21:29:46Z">
        </test-method> <!-- update -->
        <test-method status="PASS" signature="delete()[pri:0, instance:com.indhio.testng.test.PerfilTest@355ccfb1]" name="delete" duration-ms="23" started-at="2012-07-13T21:29:46Z" depends-on-methods="com.indhio.testng.test.PerfilTest.update" finished-at="2012-07-13T21:29:46Z">
        </test-method> <!-- delete -->
      </class> <!-- com.indhio.testng.test.PerfilTest -->
      <class name="com.indhio.testng.test.GrupoTest">
        <test-method status="PASS" signature="initDatabase()[pri:0, instance:com.indhio.testng.test.GrupoTest@5d185844]" name="initDatabase" is-config="true" duration-ms="142" started-at="2012-07-13T21:29:45Z" finished-at="2012-07-13T21:29:45Z">
        </test-method> <!-- initDatabase -->
        <test-method status="PASS" signature="insert()[pri:0, instance:com.indhio.testng.test.GrupoTest@5d185844]" name="insert" duration-ms="254" started-at="2012-07-13T21:29:45Z" finished-at="2012-07-13T21:29:45Z">
        </test-method> <!-- insert -->
        <test-method status="PASS" signature="update()[pri:0, instance:com.indhio.testng.test.GrupoTest@5d185844]" name="update" duration-ms="10" started-at="2012-07-13T21:29:46Z" depends-on-methods="com.indhio.testng.test.GrupoTest.insert" finished-at="2012-07-13T21:29:46Z">
        </test-method> <!-- update -->
        <test-method status="PASS" signature="delete()[pri:0, instance:com.indhio.testng.test.GrupoTest@5d185844]" name="delete" duration-ms="22" started-at="2012-07-13T21:29:46Z" depends-on-methods="com.indhio.testng.test.GrupoTest.update" finished-at="2012-07-13T21:29:46Z">
        </test-method> <!-- delete -->
      </class> <!-- com.indhio.testng.test.GrupoTest -->
      <class name="com.indhio.testng.test.UsuarioTest">
        <test-method status="PASS" signature="initDatabase()[pri:0, instance:com.indhio.testng.test.UsuarioTest@1710278e]" name="initDatabase" is-config="true" duration-ms="28" started-at="2012-07-13T21:29:45Z" finished-at="2012-07-13T21:29:46Z">
        </test-method> <!-- initDatabase -->
        <test-method status="PASS" signature="insert()[pri:0, instance:com.indhio.testng.test.UsuarioTest@1710278e]" name="insert" duration-ms="9" started-at="2012-07-13T21:29:46Z" finished-at="2012-07-13T21:29:46Z">
        </test-method> <!-- insert -->
        <test-method status="PASS" signature="update()[pri:0, instance:com.indhio.testng.test.UsuarioTest@1710278e]" name="update" duration-ms="7" started-at="2012-07-13T21:29:46Z" depends-on-methods="com.indhio.testng.test.UsuarioTest.insert" finished-at="2012-07-13T21:29:46Z">
        </test-method> <!-- update -->
        <test-method status="PASS" signature="delete()[pri:0, instance:com.indhio.testng.test.UsuarioTest@1710278e]" name="delete" duration-ms="7" started-at="2012-07-13T21:29:46Z" depends-on-methods="com.indhio.testng.test.UsuarioTest.update" finished-at="2012-07-13T21:29:46Z">
        </test-method> <!-- delete -->
      </class> <!-- com.indhio.testng.test.UsuarioTest -->
    </test> <!-- Default test -->
  </suite> <!-- Default suite -->
</testng-results>
