<?xml version="1.0" encoding="UTF-8"?>
<!-- Generated by org.testng.reporters.JUnitXMLReporter -->
<testsuite hostname="indhio-mac.local" name="Default test" tests="9" failures="0" timestamp="14 Jul 2012 01:09:27 GMT" time="0.686" errors="0">
  <testcase name="insert" time="0.331" classname="com.indhio.testng.test.UsuarioTest"/>
  <testcase name="insert" time="0.0090" classname="com.indhio.testng.test.GrupoTest"/>
  <testcase name="update" time="0.011" classname="com.indhio.testng.test.UsuarioTest"/>
  <testcase name="update" time="0.0050" classname="com.indhio.testng.test.GrupoTest"/>
  <testcase name="delete" time="0.014" classname="com.indhio.testng.test.UsuarioTest"/>
  <testcase name="delete" time="0.0070" classname="com.indhio.testng.test.GrupoTest"/>
  <testcase name="insert" time="0.057" classname="com.indhio.testng.test.PerfilTest"/>
  <testcase name="update" time="0.0060" classname="com.indhio.testng.test.PerfilTest"/>
  <testcase name="delete" time="0.012" classname="com.indhio.testng.test.PerfilTest"/>
</testsuite> <!-- Default test -->
