<?xml version="1.0" encoding="UTF-8"?>
<!-- Generated by org.testng.reporters.JUnitXMLReporter -->
<testsuite hostname="indhio-mac.local" name="Default test" tests="9" failures="0" timestamp="14 Jul 2012 00:29:46 GMT" time="0.575" errors="0">
  <testcase name="insert" time="0.254" classname="com.indhio.testng.test.GrupoTest"/>
  <testcase name="insert" time="0.0090" classname="com.indhio.testng.test.UsuarioTest"/>
  <testcase name="update" time="0.01" classname="com.indhio.testng.test.GrupoTest"/>
  <testcase name="update" time="0.0070" classname="com.indhio.testng.test.UsuarioTest"/>
  <testcase name="delete" time="0.022" classname="com.indhio.testng.test.GrupoTest"/>
  <testcase name="delete" time="0.0070" classname="com.indhio.testng.test.UsuarioTest"/>
  <testcase name="insert" time="0.0090" classname="com.indhio.testng.test.PerfilTest"/>
  <testcase name="update" time="0.01" classname="com.indhio.testng.test.PerfilTest"/>
  <testcase name="delete" time="0.023" classname="com.indhio.testng.test.PerfilTest"/>
</testsuite> <!-- Default test -->
